<?xml version="1.0" encoding="UTF-8"?>
<!-- Generated by org.testng.reporters.JUnitReportReporter -->
<testsuite hostname="PREETISH" name="testNGtest.DProvider" tests="3" failures="0" timestamp="5 Apr 2017 11:11:35 GMT" time="49.492" errors="0">
  <testcase name="gmaillogin" time="18.353" classname="testNGtest.DProvider"/>
  <testcase name="gmaillogin" time="13.257" classname="testNGtest.DProvider"/>
  <testcase name="gmaillogin" time="17.882" classname="testNGtest.DProvider"/>
</testsuite> <!-- testNGtest.DProvider -->
