<?xml version="1.0" encoding="UTF-8"?>
<!-- Generated by org.testng.reporters.JUnitReportReporter -->
<testsuite hostname="PREETISH" name="annotations.TestNG2" tests="1" failures="0" timestamp="28 Aug 2017 02:51:26 GMT" time="0.003" errors="0">
  <testcase name="test3" time="0.003" classname="annotations.TestNG2"/>
</testsuite> <!-- annotations.TestNG2 -->
