<?xml version="1.0" encoding="UTF-8"?>
<!-- Generated by org.testng.reporters.JUnitReportReporter -->
<testsuite hostname="PREETISH" name="collection.DropDownListSortedOrNot" tests="1" failures="0" timestamp="25 Nov 2017 14:11:31 GMT" time="54.462" errors="0">
  <testcase name="dropDownListSortedOrNot" time="54.462" classname="collection.DropDownListSortedOrNot"/>
</testsuite> <!-- collection.DropDownListSortedOrNot -->
