<?xml version="1.0" encoding="UTF-8"?>
<!-- Generated by org.testng.reporters.JUnitReportReporter -->
<testsuite hostname="PREETISH" name="json.WebtableParticularCellValue" tests="1" failures="0" timestamp="15 Sep 2017 08:09:29 GMT" time="32.313" errors="0">
  <testcase name="implementation" time="32.313" classname="json.WebtableParticularCellValue"/>
</testsuite> <!-- json.WebtableParticularCellValue -->
