<?xml version="1.0" encoding="UTF-8"?>
<!-- Generated by org.testng.reporters.JUnitReportReporter -->
<testsuite hostname="PREETISH" name="DataDrivenTesting" tests="4" failures="0" timestamp="13 Jun 2017 19:06:23 GMT" time="0.070" errors="0">
  <testcase name="add" time="0.010" classname="DataDrivenTesting"/>
  <testcase name="add" time="0.054" classname="DataDrivenTesting"/>
  <testcase name="add" time="0.005" classname="DataDrivenTesting"/>
  <testcase name="add" time="0.001" classname="DataDrivenTesting"/>
</testsuite> <!-- DataDrivenTesting -->
