<?xml version="1.0" encoding="UTF-8"?>
<!-- Generated by org.testng.reporters.JUnitReportReporter -->
<testsuite hostname="PREETISH" name="testNGtest.PriorityEx" tests="2" failures="0" timestamp="8 Jul 2017 19:42:32 GMT" time="0.029" errors="0">
  <testcase name="b" time="0.002" classname="testNGtest.PriorityEx"/>
  <testcase name="a" time="0.027" classname="testNGtest.PriorityEx"/>
</testsuite> <!-- testNGtest.PriorityEx -->
