<?xml version="1.0" encoding="UTF-8"?>
<!-- Generated by org.testng.reporters.JUnitReportReporter -->
<testsuite hostname="PREETISH" name="datadriven.Sample2" tests="1" failures="0" timestamp="27 Aug 2017 21:46:47 GMT" time="0.019" errors="0">
  <testcase name="test3" time="0.019" classname="datadriven.Sample2"/>
</testsuite> <!-- datadriven.Sample2 -->
