<?xml version="1.0" encoding="UTF-8"?>
<!-- Generated by org.testng.reporters.JUnitReportReporter -->
<testsuite hostname="PREETISH" name="testngexpectedexception.TestNGException" tests="1" failures="0" timestamp="25 Apr 2018 00:25:22 GMT" time="0.018" errors="0">
  <testcase name="numberformatExceptionpassed" time="0.018" classname="testngexpectedexception.TestNGException"/>
</testsuite> <!-- testngexpectedexception.TestNGException -->
