<?xml version="1.0" encoding="UTF-8"?>
<!-- Generated by org.testng.reporters.JUnitReportReporter -->
<testsuite hostname="PREETISH" name="openclosebrowser.WithOutServices" tests="2" failures="0" timestamp="30 Apr 2018 23:54:05 GMT" time="185.945" errors="0">
  <testcase name="launchFacebook" time="109.687" classname="openclosebrowser.WithOutServices"/>
  <testcase name="launchGoogle" time="76.258" classname="openclosebrowser.WithOutServices"/>
</testsuite> <!-- openclosebrowser.WithOutServices -->
