<?xml version="1.0" encoding="UTF-8"?>
<!-- Generated by org.testng.reporters.JUnitReportReporter -->
<testsuite hostname="PREETISH" name="datadriven.DataproviderEx" tests="3" failures="0" timestamp="11 Aug 2017 13:05:20 GMT" time="76.926" errors="0">
  <testcase name="facebookcredentials" time="38.484" classname="datadriven.DataproviderEx"/>
  <testcase name="facebookcredentials" time="22.068" classname="datadriven.DataproviderEx"/>
  <testcase name="facebookcredentials" time="16.374" classname="datadriven.DataproviderEx"/>
</testsuite> <!-- datadriven.DataproviderEx -->
