<?xml version="1.0" encoding="UTF-8"?>
<!-- Generated by org.testng.reporters.JUnitReportReporter -->
<testsuite hostname="PREETISH" name="testNGtest.TestNGTryCatch" tests="3" failures="0" timestamp="5 Aug 2017 14:19:29 GMT" time="0.036" errors="0">
  <testcase name="yahoologin" time="0.014" classname="testNGtest.TestNGTryCatch"/>
  <testcase name="gmaillogin" time="0.018" classname="testNGtest.TestNGTryCatch"/>
  <testcase name="skypelogin" time="0.004" classname="testNGtest.TestNGTryCatch"/>
</testsuite> <!-- testNGtest.TestNGTryCatch -->
