<?xml version="1.0" encoding="UTF-8"?>
<!-- Generated by org.testng.reporters.JUnitReportReporter -->
<testsuite hostname="PREETISH" name="testNGtest.Assertions" tests="2" failures="0" timestamp="5 Aug 2017 14:08:55 GMT" time="0.028" errors="0">
  <testcase name="TwitterLogin" time="0.010" classname="testNGtest.Assertions"/>
  <testcase name="FacebookLogin" time="0.018" classname="testNGtest.Assertions"/>
</testsuite> <!-- testNGtest.Assertions -->
