<?xml version="1.0" encoding="UTF-8"?>
<!-- Generated by org.testng.reporters.JUnitReportReporter -->
<testsuite hostname="PREETISH" name="collection.TestNGEnabled" tests="3" failures="0" timestamp="25 Nov 2017 18:51:46 GMT" time="0.028" errors="0">
  <testcase name="alwaysruntrue" time="0.002" classname="collection.TestNGEnabled"/>
  <testcase name="methodfail" time="0.018" classname="collection.TestNGEnabled"/>
  <testcase name="error" time="0.008" classname="collection.TestNGEnabled"/>
</testsuite> <!-- collection.TestNGEnabled -->
