<?xml version="1.0" encoding="UTF-8"?>
<!-- Generated by org.testng.reporters.JUnitReportReporter -->
<testsuite hostname="PREETISH" name="collection.WebTablesExample" tests="1" failures="0" timestamp="6 Oct 2017 20:22:47 GMT" time="28.405" errors="0">
  <testcase name="implementation" time="28.405" classname="collection.WebTablesExample"/>
</testsuite> <!-- collection.WebTablesExample -->
