<?xml version="1.0" encoding="UTF-8"?>
<!-- Generated by org.testng.reporters.JUnitReportReporter -->
<testsuite hostname="PREETISH" name="collection.WebtableParticularCellValues" tests="1" failures="0" timestamp="6 Oct 2017 20:21:06 GMT" time="50.924" errors="0">
  <testcase name="implementation" time="50.924" classname="collection.WebtableParticularCellValues"/>
</testsuite> <!-- collection.WebtableParticularCellValues -->
