<?xml version="1.0" encoding="UTF-8"?>
<!-- Generated by org.testng.reporters.JUnitReportReporter -->
<testsuite hostname="PREETISH" name="datadriven.DataDriven" tests="3" failures="0" timestamp="10 Aug 2017 17:23:05 GMT" time="107.620" errors="0">
  <testcase name="redbusinputdata" time="36.684" classname="datadriven.DataDriven"/>
  <testcase name="redbusinputdata" time="39.303" classname="datadriven.DataDriven"/>
  <testcase name="redbusinputdata" time="31.633" classname="datadriven.DataDriven"/>
</testsuite> <!-- datadriven.DataDriven -->
