<?xml version="1.0" encoding="UTF-8"?>
<!-- Generated by org.testng.reporters.JUnitReportReporter -->
<testsuite hostname="PREETISH" name="mergemultipledatadriven.MergeMultiDataProvider" tests="1" failures="0" timestamp="21 Apr 2018 12:05:46 GMT" time="0.014" errors="0">
  <testcase name="usingTwoDataProviders" time="0.014" classname="mergemultipledatadriven.MergeMultiDataProvider"/>
</testsuite> <!-- mergemultipledatadriven.MergeMultiDataProvider -->
