<?xml version="1.0" encoding="UTF-8"?>
<!-- Generated by org.testng.reporters.JUnitReportReporter -->
<testsuite hostname="PREETISH" name="collection.DATAPRO" tests="3" failures="0" timestamp="11 Jun 2017 19:24:28 GMT" time="203.576" errors="0">
  <testcase name="gmaillogin" time="33.996" classname="collection.DATAPRO"/>
  <testcase name="gmaillogin" time="118.390" classname="collection.DATAPRO"/>
  <testcase name="gmaillogin" time="51.190" classname="collection.DATAPRO"/>
</testsuite> <!-- collection.DATAPRO -->
