<?xml version="1.0" encoding="UTF-8"?>
<!-- Generated by org.testng.reporters.JUnitReportReporter -->
<testsuite hostname="PREETISH" name="testngoverloading.OverLoadTestNGUsingParameter" tests="2" failures="0" timestamp="21 May 2018 17:22:34 GMT" time="0.021" errors="0">
  <testcase name="NormalMethod" time="0.018" classname="testngoverloading.OverLoadTestNGUsingParameter"/>
  <testcase name="NormalMethod" time="0.003" classname="testngoverloading.OverLoadTestNGUsingParameter"/>
</testsuite> <!-- testngoverloading.OverLoadTestNGUsingParameter -->
