<?xml version="1.0" encoding="UTF-8"?>
<!-- Generated by org.testng.reporters.JUnitReportReporter -->
<testsuite hostname="PREETISH" name="pageobjectmodeledu.TestCaseClass" tests="1" failures="0" timestamp="29 Mar 2018 17:57:27 GMT" time="12.575" errors="0">
  <testcase name="verifyLogin" time="12.575" classname="pageobjectmodeledu.TestCaseClass"/>
</testsuite> <!-- pageobjectmodeledu.TestCaseClass -->
