<?xml version="1.0" encoding="UTF-8"?>
<!-- Generated by org.testng.reporters.JUnitReportReporter -->
<testsuite hostname="PREETISH" name="datadriven.Apachepoi" tests="5" failures="0" timestamp="11 Aug 2017 21:53:04 GMT" time="216.518" errors="0">
  <testcase name="facebookinput" time="92.701" classname="datadriven.Apachepoi"/>
  <testcase name="facebookinput" time="22.119" classname="datadriven.Apachepoi"/>
  <testcase name="facebookinput" time="21.503" classname="datadriven.Apachepoi"/>
  <testcase name="facebookinput" time="17.556" classname="datadriven.Apachepoi"/>
  <testcase name="facebookinput" time="62.639" classname="datadriven.Apachepoi"/>
</testsuite> <!-- datadriven.Apachepoi -->
