<?xml version="1.0" encoding="UTF-8"?>
<!-- Generated by org.testng.reporters.JUnitReportReporter -->
<testsuite hostname="PREETISH" name="datadriven.DataDrivenJXL" tests="5" failures="0" timestamp="11 Aug 2017 21:00:57 GMT" time="244.966" errors="0">
  <testcase name="facebook" time="50.380" classname="datadriven.DataDrivenJXL"/>
  <testcase name="facebook" time="23.148" classname="datadriven.DataDrivenJXL"/>
  <testcase name="facebook" time="46.059" classname="datadriven.DataDrivenJXL"/>
  <testcase name="facebook" time="41.173" classname="datadriven.DataDrivenJXL"/>
  <testcase name="facebook" time="84.206" classname="datadriven.DataDrivenJXL"/>
</testsuite> <!-- datadriven.DataDrivenJXL -->
