<?xml version="1.0" encoding="UTF-8"?>
<!-- Generated by org.testng.reporters.JUnitReportReporter -->
<testsuite hostname="PREETISH" name="testNgclasses.Testcase3" tests="1" failures="0" timestamp="14 Sep 2017 15:34:21 GMT" time="0.012" errors="0">
  <testcase name="testGmail" time="0.012" classname="testNgclasses.Testcase3"/>
</testsuite> <!-- testNgclasses.Testcase3 -->
