<?xml version="1.0" encoding="UTF-8"?>
<!-- Generated by org.testng.reporters.JUnitReportReporter -->
<testsuite hostname="PREETISH" name="testNGtest.Gudu1" tests="4" failures="0" timestamp="24 Mar 2017 12:22:38 GMT" time="0.009" errors="0">
  <testcase name="deleteProduct" time="0.002" classname="testNGtest.Gudu1"/>
  <testcase name="deleteCart" time="0.002" classname="testNGtest.Gudu1"/>
  <testcase name="deleteVendor" time="0.002" classname="testNGtest.Gudu1"/>
  <testcase name="deleteCurrency" time="0.003" classname="testNGtest.Gudu1"/>
</testsuite> <!-- testNGtest.Gudu1 -->
