<?xml version="1.0" encoding="UTF-8"?>
<!-- Generated by org.testng.reporters.JUnitReportReporter -->
<testsuite hostname="PREETISH" name="inheritancetestng.SubTestNGClass" tests="2" failures="0" timestamp="21 May 2018 17:06:19 GMT" time="0.004" errors="0">
  <testcase name="superTestNgMethod" time="0.001" classname="inheritancetestng.SubTestNGClass"/>
  <testcase name="subTestNgMethod" time="0.003" classname="inheritancetestng.SubTestNGClass"/>
</testsuite> <!-- inheritancetestng.SubTestNGClass -->
