<?xml version="1.0" encoding="UTF-8"?>
<!-- Generated by org.testng.reporters.JUnitReportReporter -->
<testsuite hostname="PREETISH" name="testNGtest.GroupTest" tests="4" failures="0" timestamp="25 Mar 2017 16:31:52 GMT" time="0.041" errors="0">
  <testcase name="advancesearch" time="0.028" classname="testNGtest.GroupTest"/>
  <testcase name="login" time="0.006" classname="testNGtest.GroupTest"/>
  <testcase name="billgenerate" time="0.003" classname="testNGtest.GroupTest"/>
  <testcase name="fundtranser" time="0.004" classname="testNGtest.GroupTest"/>
</testsuite> <!-- testNGtest.GroupTest -->
