<?xml version="1.0" encoding="UTF-8"?>
<!-- Generated by org.testng.reporters.JUnitReportReporter -->
<testsuite hostname="PREETISH" name="collection.TestNGException" tests="1" failures="0" timestamp="4 Oct 2017 14:50:23 GMT" time="0.022" errors="0">
  <testcase name="testException" time="0.022" classname="collection.TestNGException"/>
</testsuite> <!-- collection.TestNGException -->
