<?xml version="1.0" encoding="UTF-8"?>
<!-- Generated by org.testng.reporters.JUnitReportReporter -->
<testsuite hostname="PREETISH" name="configurationDemo.TestFacebookChrome" tests="1" failures="0" timestamp="27 Jun 2017 04:53:01 GMT" time="12.139" errors="0">
  <testcase name="testChrome" time="12.139" classname="configurationDemo.TestFacebookChrome"/>
</testsuite> <!-- configurationDemo.TestFacebookChrome -->
