<?xml version="1.0" encoding="UTF-8"?>
<!-- Generated by org.testng.reporters.JUnitReportReporter -->
<testsuite hostname="PREETISH" name="testNGtest.Paralleltestng" tests="2" failures="0" timestamp="13 Mar 2018 13:19:09 GMT" time="60.927" errors="0">
  <testcase name="chrome" time="45.577" classname="testNGtest.Paralleltestng"/>
  <testcase name="firefox" time="15.350" classname="testNGtest.Paralleltestng"/>
</testsuite> <!-- testNGtest.Paralleltestng -->
