<?xml version="1.0" encoding="UTF-8"?>
<!-- Generated by org.testng.reporters.JUnitReportReporter -->
<testsuite hostname="PREETISH" name="jenkins.Jenkins1" tests="1" failures="0" timestamp="23 Jul 2017 04:35:47 GMT" time="0.020" errors="0">
  <testcase name="facebooksignin" time="0.020" classname="jenkins.Jenkins1"/>
</testsuite> <!-- jenkins.Jenkins1 -->
