<?xml version="1.0" encoding="UTF-8"?>
<!-- Generated by org.testng.reporters.JUnitReportReporter -->
<testsuite hostname="PREETISH" name="testNGtest.Google" tests="1" failures="0" timestamp="31 Mar 2017 13:59:57 GMT" time="14.392" errors="0">
  <testcase name="page" time="14.392" classname="testNGtest.Google"/>
</testsuite> <!-- testNGtest.Google -->
