<?xml version="1.0" encoding="UTF-8"?>
<!-- Generated by org.testng.reporters.JUnitReportReporter -->
<testsuite hostname="PREETISH" name="testNGtest.PractiseTestNG" tests="1" failures="0" timestamp="13 Mar 2018 13:03:40 GMT" time="22.917" errors="0">
  <testcase name="FacebookCredentials" time="22.917" classname="testNGtest.PractiseTestNG"/>
</testsuite> <!-- testNGtest.PractiseTestNG -->
