<?xml version="1.0" encoding="UTF-8"?>
<!-- Generated by org.testng.reporters.JUnitReportReporter -->
<testsuite hostname="PREETISH" name="testNGtest.NewTest2" tests="3" failures="0" timestamp="5 Apr 2017 11:51:07 GMT" time="95.455" errors="0">
  <testcase name="gamillogin" time="56.036" classname="testNGtest.NewTest2"/>
  <testcase name="gamillogin" time="19.537" classname="testNGtest.NewTest2"/>
  <testcase name="gamillogin" time="19.882" classname="testNGtest.NewTest2"/>
</testsuite> <!-- testNGtest.NewTest2 -->
