<?xml version="1.0" encoding="UTF-8"?>
<!-- Generated by org.testng.reporters.JUnitReportReporter -->
<testsuite hostname="PREETISH" name="hms.NewTest1" tests="3" failures="0" timestamp="24 Mar 2017 04:39:18 GMT" time="0.011" errors="0">
  <testcase name="product" time="0.001" classname="hms.NewTest1"/>
  <testcase name="addvendor" time="0.007" classname="hms.NewTest1"/>
  <testcase name="currency" time="0.003" classname="hms.NewTest1"/>
</testsuite> <!-- hms.NewTest1 -->
