<?xml version="1.0" encoding="UTF-8"?>
<!-- Generated by org.testng.reporters.JUnitReportReporter -->
<testsuite hostname="PREETISH" name="collection.MultiScreenShotTestNg" tests="1" failures="0" timestamp="13 Aug 2017 17:22:00 GMT" time="27.053" errors="0">
  <testcase name="takescreenshot" time="27.053" classname="collection.MultiScreenShotTestNg"/>
</testsuite> <!-- collection.MultiScreenShotTestNg -->
