<?xml version="1.0" encoding="UTF-8"?>
<!-- Generated by org.testng.reporters.JUnitReportReporter -->
<testsuite hostname="PREETISH" name="seleniuminterviewquestions.AddDetailsReportTestNG" tests="3" failures="0" timestamp="18 Apr 2018 20:03:19 GMT" time="25.854" errors="0">
  <testcase name="openSelenium" time="3.901" classname="seleniuminterviewquestions.AddDetailsReportTestNG"/>
  <testcase name="openGoogle" time="3.076" classname="seleniuminterviewquestions.AddDetailsReportTestNG"/>
  <testcase name="openGmail" time="18.877" classname="seleniuminterviewquestions.AddDetailsReportTestNG"/>
</testsuite> <!-- seleniuminterviewquestions.AddDetailsReportTestNG -->
