<?xml version="1.0" encoding="UTF-8"?>
<!-- Generated by org.testng.reporters.JUnitReportReporter -->
<testsuite hostname="PREETISH" name="csvdatadriven.CsvDataRead" tests="1" failures="0" timestamp="29 Mar 2018 12:06:56 GMT" time="0.001" errors="1">
  <testcase name="verify_search" time="0.001" classname="csvdatadriven.CsvDataRead">
    <error type="org.openqa.selenium.WebDriverException" message="Failed to connect to binary FirefoxBinary(C:\Program Files\Mozilla Firefox\firefox.exe) on port 7055; process output follows: 
4090	addons.xpi	DEBUG	Existing add-on fxdriver@googlecode.com in app-profile
1522325174091	addons.xpi	INFO	Mapping activity-stream@mozilla.org to C:\Program Files\Mozilla Firefox\browser\features\activity-stream@mozilla.org.xpi
1522325174091	addons.xpi	INFO	Mapping aushelper@mozilla.org to C:\Program Files\Mozilla Firefox\browser\features\aushelper@mozilla.org.xpi
1522325174091	addons.xpi	INFO	Mapping clicktoplay-rollout@mozilla.org to C:\Program Files\Mozilla Firefox\browser\features\clicktoplay-rollout@mozilla.org.xpi
1522325174092	addons.xpi	INFO	Mapping e10srollout@mozilla.org to C:\Program Files\Mozilla Firefox\browser\features\e10srollout@mozilla.org.xpi
1522325174092	addons.xpi	INFO	Mapping firefox@getpocket.com to C:\Program Files\Mozilla Firefox\browser\features\firefox@getpocket.com.xpi
1522325174092	addons.xpi	INFO	Mapping followonsearch@mozilla.com to C:\Program Files\Mozilla Firefox\browser\features\followonsearch@mozilla.com.xpi
1522325174092	addons.xpi	INFO	Mapping formautofill@mozilla.org to C:\Program Files\Mozilla Firefox\browser\features\formautofill@mozilla.org.xpi
1522325174092	addons.xpi	INFO	Mapping onboarding@mozilla.org to C:\Program Files\Mozilla Firefox\browser\features\onboarding@mozilla.org.xpi
1522325174092	addons.xpi	INFO	Mapping screenshots@mozilla.org to C:\Program Files\Mozilla Firefox\browser\features\screenshots@mozilla.org.xpi
1522325174092	addons.xpi	INFO	Mapping shield-recipe-client@mozilla.org to C:\Program Files\Mozilla Firefox\browser\features\shield-recipe-client@mozilla.org.xpi
1522325174092	addons.xpi	INFO	Mapping webcompat@mozilla.org to C:\Program Files\Mozilla Firefox\browser\features\webcompat@mozilla.org.xpi
1522325174093	addons.xpi	DEBUG	Existing add-on activity-stream@mozilla.org in app-system-defaults
1522325174093	addons.xpi	DEBUG	Existing add-on aushelper@mozilla.org in app-system-defaults
1522325174094	addons.xpi	DEBUG	Existing add-on clicktoplay-rollout@mozilla.org in app-system-defaults
1522325174094	addons.xpi	DEBUG	Existing add-on e10srollout@mozilla.org in app-system-defaults
1522325174094	addons.xpi	DEBUG	Existing add-on firefox@getpocket.com in app-system-defaults
1522325174095	addons.xpi	DEBUG	Existing add-on followonsearch@mozilla.com in app-system-defaults
1522325174095	addons.xpi	DEBUG	Existing add-on formautofill@mozilla.org in app-system-defaults
1522325174095	addons.xpi	DEBUG	Existing add-on onboarding@mozilla.org in app-system-defaults
1522325174096	addons.xpi	DEBUG	Existing add-on screenshots@mozilla.org in app-system-defaults
1522325174096	addons.xpi	DEBUG	Existing add-on shield-recipe-client@mozilla.org in app-system-defaults
1522325174096	addons.xpi	DEBUG	Existing add-on webcompat@mozilla.org in app-system-defaults
1522325174097	addons.xpi	DEBUG	Existing add-on mozilla_cc3@internetdownloadmanager.com in winreg-app-user
1522325174097	addons.xpi	INFO	Mapping {972ce4c6-7e08-4474-a285-3208198ce6fd} to C:\Program Files\Mozilla Firefox\browser\extensions\{972ce4c6-7e08-4474-a285-3208198ce6fd}.xpi
1522325174098	addons.xpi	DEBUG	Existing add-on {972ce4c6-7e08-4474-a285-3208198ce6fd} in app-global
1522325174098	addons.xpi	DEBUG	getInstallState changed: false, state: {}
1522325174531	addons.productaddons	INFO	sending request to: https://aus5.mozilla.org/update/3/GMP/56.0/20170926190823/WINNT_x86-msvc-x86/en-US/release/Windows_NT%206.2.0.0%20(x86)/default/default/update.xml
1522325175873	DeferredSave.webext.sc.lz4	DEBUG	Starting write
1522325175877	DeferredSave.webext.sc.lz4	DEBUG	Write succeeded
1522325195572	addons.productaddons	WARN	Failed downloading XML, status: 0, reason: timeout
1522325195574	addons.productaddons	INFO	fetching config from: chrome://global/content/gmp-sources/openh264.json
1522325195576	addons.productaddons	INFO	fetching config from: chrome://global/content/gmp-sources/widevinecdm.json
1522325195580	addons.productaddons	INFO	found plugin: gmp-gmpopenh264
1522325195582	addons.productaddons	INFO	found plugin: gmp-widevinecdm
1522325200949	addons.productaddons	INFO	downloadXHR File download. status=204

Build info: version: &#039;2.53.1&#039;, revision: &#039;a36b8b1&#039;, time: &#039;2016-06-30 17:32:46&#039;
System info: host: &#039;PREETISH&#039;, ip: &#039;192.168.2.7&#039;, os.name: &#039;Windows 8&#039;, os.arch: &#039;x86&#039;, os.version: &#039;6.2&#039;, java.version: &#039;1.8.0_111&#039;
Driver info: driver.version: FirefoxDriver">
      <![CDATA[org.openqa.selenium.WebDriverException: Failed to connect to binary FirefoxBinary(C:\Program Files\Mozilla Firefox\firefox.exe) on port 7055; process output follows: 
4090	addons.xpi	DEBUG	Existing add-on fxdriver@googlecode.com in app-profile
1522325174091	addons.xpi	INFO	Mapping activity-stream@mozilla.org to C:\Program Files\Mozilla Firefox\browser\features\activity-stream@mozilla.org.xpi
1522325174091	addons.xpi	INFO	Mapping aushelper@mozilla.org to C:\Program Files\Mozilla Firefox\browser\features\aushelper@mozilla.org.xpi
1522325174091	addons.xpi	INFO	Mapping clicktoplay-rollout@mozilla.org to C:\Program Files\Mozilla Firefox\browser\features\clicktoplay-rollout@mozilla.org.xpi
1522325174092	addons.xpi	INFO	Mapping e10srollout@mozilla.org to C:\Program Files\Mozilla Firefox\browser\features\e10srollout@mozilla.org.xpi
1522325174092	addons.xpi	INFO	Mapping firefox@getpocket.com to C:\Program Files\Mozilla Firefox\browser\features\firefox@getpocket.com.xpi
1522325174092	addons.xpi	INFO	Mapping followonsearch@mozilla.com to C:\Program Files\Mozilla Firefox\browser\features\followonsearch@mozilla.com.xpi
1522325174092	addons.xpi	INFO	Mapping formautofill@mozilla.org to C:\Program Files\Mozilla Firefox\browser\features\formautofill@mozilla.org.xpi
1522325174092	addons.xpi	INFO	Mapping onboarding@mozilla.org to C:\Program Files\Mozilla Firefox\browser\features\onboarding@mozilla.org.xpi
1522325174092	addons.xpi	INFO	Mapping screenshots@mozilla.org to C:\Program Files\Mozilla Firefox\browser\features\screenshots@mozilla.org.xpi
1522325174092	addons.xpi	INFO	Mapping shield-recipe-client@mozilla.org to C:\Program Files\Mozilla Firefox\browser\features\shield-recipe-client@mozilla.org.xpi
1522325174092	addons.xpi	INFO	Mapping webcompat@mozilla.org to C:\Program Files\Mozilla Firefox\browser\features\webcompat@mozilla.org.xpi
1522325174093	addons.xpi	DEBUG	Existing add-on activity-stream@mozilla.org in app-system-defaults
1522325174093	addons.xpi	DEBUG	Existing add-on aushelper@mozilla.org in app-system-defaults
1522325174094	addons.xpi	DEBUG	Existing add-on clicktoplay-rollout@mozilla.org in app-system-defaults
1522325174094	addons.xpi	DEBUG	Existing add-on e10srollout@mozilla.org in app-system-defaults
1522325174094	addons.xpi	DEBUG	Existing add-on firefox@getpocket.com in app-system-defaults
1522325174095	addons.xpi	DEBUG	Existing add-on followonsearch@mozilla.com in app-system-defaults
1522325174095	addons.xpi	DEBUG	Existing add-on formautofill@mozilla.org in app-system-defaults
1522325174095	addons.xpi	DEBUG	Existing add-on onboarding@mozilla.org in app-system-defaults
1522325174096	addons.xpi	DEBUG	Existing add-on screenshots@mozilla.org in app-system-defaults
1522325174096	addons.xpi	DEBUG	Existing add-on shield-recipe-client@mozilla.org in app-system-defaults
1522325174096	addons.xpi	DEBUG	Existing add-on webcompat@mozilla.org in app-system-defaults
1522325174097	addons.xpi	DEBUG	Existing add-on mozilla_cc3@internetdownloadmanager.com in winreg-app-user
1522325174097	addons.xpi	INFO	Mapping {972ce4c6-7e08-4474-a285-3208198ce6fd} to C:\Program Files\Mozilla Firefox\browser\extensions\{972ce4c6-7e08-4474-a285-3208198ce6fd}.xpi
1522325174098	addons.xpi	DEBUG	Existing add-on {972ce4c6-7e08-4474-a285-3208198ce6fd} in app-global
1522325174098	addons.xpi	DEBUG	getInstallState changed: false, state: {}
1522325174531	addons.productaddons	INFO	sending request to: https://aus5.mozilla.org/update/3/GMP/56.0/20170926190823/WINNT_x86-msvc-x86/en-US/release/Windows_NT%206.2.0.0%20(x86)/default/default/update.xml
1522325175873	DeferredSave.webext.sc.lz4	DEBUG	Starting write
1522325175877	DeferredSave.webext.sc.lz4	DEBUG	Write succeeded
1522325195572	addons.productaddons	WARN	Failed downloading XML, status: 0, reason: timeout
1522325195574	addons.productaddons	INFO	fetching config from: chrome://global/content/gmp-sources/openh264.json
1522325195576	addons.productaddons	INFO	fetching config from: chrome://global/content/gmp-sources/widevinecdm.json
1522325195580	addons.productaddons	INFO	found plugin: gmp-gmpopenh264
1522325195582	addons.productaddons	INFO	found plugin: gmp-widevinecdm
1522325200949	addons.productaddons	INFO	downloadXHR File download. status=204

Build info: version: '2.53.1', revision: 'a36b8b1', time: '2016-06-30 17:32:46'
System info: host: 'PREETISH', ip: '192.168.2.7', os.name: 'Windows 8', os.arch: 'x86', os.version: '6.2', java.version: '1.8.0_111'
Driver info: driver.version: FirefoxDriver
	at org.openqa.selenium.firefox.internal.NewProfileExtensionConnection.start(NewProfileExtensionConnection.java:124)
	at org.openqa.selenium.firefox.FirefoxDriver.startClient(FirefoxDriver.java:271)
	at org.openqa.selenium.remote.RemoteWebDriver.<init>(RemoteWebDriver.java:119)
	at org.openqa.selenium.firefox.FirefoxDriver.<init>(FirefoxDriver.java:218)
	at org.openqa.selenium.firefox.FirefoxDriver.<init>(FirefoxDriver.java:211)
	at org.openqa.selenium.firefox.FirefoxDriver.<init>(FirefoxDriver.java:207)
	at org.openqa.selenium.firefox.FirefoxDriver.<init>(FirefoxDriver.java:120)
	at csvdatadriven.CsvDataRead.openBrowser(CsvDataRead.java:23)
	at sun.reflect.NativeMethodAccessorImpl.invoke0(Native Method)
	at sun.reflect.NativeMethodAccessorImpl.invoke(NativeMethodAccessorImpl.java:62)
	at sun.reflect.DelegatingMethodAccessorImpl.invoke(DelegatingMethodAccessorImpl.java:43)
	at java.lang.reflect.Method.invoke(Method.java:498)
	at org.testng.internal.MethodInvocationHelper.invokeMethod(MethodInvocationHelper.java:85)
	at org.testng.internal.Invoker.invokeConfigurationMethod(Invoker.java:510)
	at org.testng.internal.Invoker.invokeConfigurations(Invoker.java:211)
	at org.testng.internal.Invoker.invokeConfigurations(Invoker.java:138)
	at org.testng.internal.TestMethodWorker.invokeBeforeClassMethods(TestMethodWorker.java:170)
	at org.testng.internal.TestMethodWorker.run(TestMethodWorker.java:104)
	at org.testng.TestRunner.privateRun(TestRunner.java:774)
	at org.testng.TestRunner.run(TestRunner.java:624)
	at org.testng.SuiteRunner.runTest(SuiteRunner.java:359)
	at org.testng.SuiteRunner.runSequentially(SuiteRunner.java:354)
	at org.testng.SuiteRunner.privateRun(SuiteRunner.java:312)
	at org.testng.SuiteRunner.run(SuiteRunner.java:261)
	at org.testng.SuiteRunnerWorker.runSuite(SuiteRunnerWorker.java:52)
	at org.testng.SuiteRunnerWorker.run(SuiteRunnerWorker.java:86)
	at org.testng.TestNG.runSuitesSequentially(TestNG.java:1215)
	at org.testng.TestNG.runSuitesLocally(TestNG.java:1140)
	at org.testng.TestNG.run(TestNG.java:1048)
	at org.testng.remote.AbstractRemoteTestNG.run(AbstractRemoteTestNG.java:114)
	at org.testng.remote.RemoteTestNG.initAndRun(RemoteTestNG.java:251)
	at org.testng.remote.RemoteTestNG.main(RemoteTestNG.java:77)
Caused by: org.openqa.selenium.firefox.NotConnectedException: Unable to connect to host 127.0.0.1 on port 7055 after 45000 ms. Firefox console output:
4090	addons.xpi	DEBUG	Existing add-on fxdriver@googlecode.com in app-profile
1522325174091	addons.xpi	INFO	Mapping activity-stream@mozilla.org to C:\Program Files\Mozilla Firefox\browser\features\activity-stream@mozilla.org.xpi
1522325174091	addons.xpi	INFO	Mapping aushelper@mozilla.org to C:\Program Files\Mozilla Firefox\browser\features\aushelper@mozilla.org.xpi
1522325174091	addons.xpi	INFO	Mapping clicktoplay-rollout@mozilla.org to C:\Program Files\Mozilla Firefox\browser\features\clicktoplay-rollout@mozilla.org.xpi
1522325174092	addons.xpi	INFO	Mapping e10srollout@mozilla.org to C:\Program Files\Mozilla Firefox\browser\features\e10srollout@mozilla.org.xpi
1522325174092	addons.xpi	INFO	Mapping firefox@getpocket.com to C:\Program Files\Mozilla Firefox\browser\features\firefox@getpocket.com.xpi
1522325174092	addons.xpi	INFO	Mapping followonsearch@mozilla.com to C:\Program Files\Mozilla Firefox\browser\features\followonsearch@mozilla.com.xpi
1522325174092	addons.xpi	INFO	Mapping formautofill@mozilla.org to C:\Program Files\Mozilla Firefox\browser\features\formautofill@mozilla.org.xpi
1522325174092	addons.xpi	INFO	Mapping onboarding@mozilla.org to C:\Program Files\Mozilla Firefox\browser\features\onboarding@mozilla.org.xpi
1522325174092	addons.xpi	INFO	Mapping screenshots@mozilla.org to C:\Program Files\Mozilla Firefox\browser\features\screenshots@mozilla.org.xpi
1522325174092	addons.xpi	INFO	Mapping shield-recipe-client@mozilla.org to C:\Program Files\Mozilla Firefox\browser\features\shield-recipe-client@mozilla.org.xpi
1522325174092	addons.xpi	INFO	Mapping webcompat@mozilla.org to C:\Program Files\Mozilla Firefox\browser\features\webcompat@mozilla.org.xpi
1522325174093	addons.xpi	DEBUG	Existing add-on activity-stream@mozilla.org in app-system-defaults
1522325174093	addons.xpi	DEBUG	Existing add-on aushelper@mozilla.org in app-system-defaults
1522325174094	addons.xpi	DEBUG	Existing add-on clicktoplay-rollout@mozilla.org in app-system-defaults
1522325174094	addons.xpi	DEBUG	Existing add-on e10srollout@mozilla.org in app-system-defaults
1522325174094	addons.xpi	DEBUG	Existing add-on firefox@getpocket.com in app-system-defaults
1522325174095	addons.xpi	DEBUG	Existing add-on followonsearch@mozilla.com in app-system-defaults
1522325174095	addons.xpi	DEBUG	Existing add-on formautofill@mozilla.org in app-system-defaults
1522325174095	addons.xpi	DEBUG	Existing add-on onboarding@mozilla.org in app-system-defaults
1522325174096	addons.xpi	DEBUG	Existing add-on screenshots@mozilla.org in app-system-defaults
1522325174096	addons.xpi	DEBUG	Existing add-on shield-recipe-client@mozilla.org in app-system-defaults
1522325174096	addons.xpi	DEBUG	Existing add-on webcompat@mozilla.org in app-system-defaults
1522325174097	addons.xpi	DEBUG	Existing add-on mozilla_cc3@internetdownloadmanager.com in winreg-app-user
1522325174097	addons.xpi	INFO	Mapping {972ce4c6-7e08-4474-a285-3208198ce6fd} to C:\Program Files\Mozilla Firefox\browser\extensions\{972ce4c6-7e08-4474-a285-3208198ce6fd}.xpi
1522325174098	addons.xpi	DEBUG	Existing add-on {972ce4c6-7e08-4474-a285-3208198ce6fd} in app-global
1522325174098	addons.xpi	DEBUG	getInstallState changed: false, state: {}
1522325174531	addons.productaddons	INFO	sending request to: https://aus5.mozilla.org/update/3/GMP/56.0/20170926190823/WINNT_x86-msvc-x86/en-US/release/Windows_NT%206.2.0.0%20(x86)/default/default/update.xml
1522325175873	DeferredSave.webext.sc.lz4	DEBUG	Starting write
1522325175877	DeferredSave.webext.sc.lz4	DEBUG	Write succeeded
1522325195572	addons.productaddons	WARN	Failed downloading XML, status: 0, reason: timeout
1522325195574	addons.productaddons	INFO	fetching config from: chrome://global/content/gmp-sources/openh264.json
1522325195576	addons.productaddons	INFO	fetching config from: chrome://global/content/gmp-sources/widevinecdm.json
1522325195580	addons.productaddons	INFO	found plugin: gmp-gmpopenh264
1522325195582	addons.productaddons	INFO	found plugin: gmp-widevinecdm
1522325200949	addons.productaddons	INFO	downloadXHR File download. status=204

	at org.openqa.selenium.firefox.internal.NewProfileExtensionConnection.start(NewProfileExtensionConnection.java:112)
	... 31 more
]]>
    </error>
  </testcase> <!-- verify_search -->
</testsuite> <!-- csvdatadriven.CsvDataRead -->
