<?xml version="1.0" encoding="UTF-8"?>
<!-- Generated by org.testng.reporters.JUnitReportReporter -->
<testsuite hostname="PREETISH" name="testNGtest.Priority" tests="2" failures="0" timestamp="22 May 2017 18:11:13 GMT" time="19.636" errors="0">
  <testcase name="abcd" time="19.634" classname="testNGtest.Priority"/>
  <testcase name="pqrs" time="0.002" classname="testNGtest.Priority"/>
</testsuite> <!-- testNGtest.Priority -->
