<?xml version="1.0" encoding="UTF-8"?>
<!-- Generated by org.testng.reporters.JUnitReportReporter -->
<testsuite hostname="PREETISH" name="testNGtest.BeforeAfter" tests="4" failures="0" timestamp="8 Jul 2017 19:40:22 GMT" time="0.062" errors="0">
  <testcase name="addCurrency" time="0.002" classname="testNGtest.BeforeAfter"/>
  <testcase name="addVendor" time="0.001" classname="testNGtest.BeforeAfter"/>
  <testcase name="addProduct" time="0.005" classname="testNGtest.BeforeAfter"/>
  <testcase name="addCart" time="0.054" classname="testNGtest.BeforeAfter"/>
</testsuite> <!-- testNGtest.BeforeAfter -->
