<?xml version="1.0" encoding="UTF-8"?>
<!-- Generated by org.testng.reporters.JUnitReportReporter -->
<testsuite hostname="PREETISH" name="modularDriven.Mod_lar" tests="1" failures="0" timestamp="15 Oct 2017 17:59:38 GMT" time="86.380" errors="0">
  <testcase name="checkingvalidation" time="86.380" classname="modularDriven.Mod_lar"/>
</testsuite> <!-- modularDriven.Mod_lar -->
