<?xml version="1.0" encoding="UTF-8"?>
<!-- Generated by org.testng.reporters.JUnitReportReporter -->
<testsuite hostname="PREETISH" name="configurationDemo.TestFacebook" tests="1" failures="0" timestamp="27 Jun 2017 04:25:25 GMT" time="0.052" errors="0">
  <testcase name="testconfig" time="0.052" classname="configurationDemo.TestFacebook"/>
</testsuite> <!-- configurationDemo.TestFacebook -->
