<?xml version="1.0" encoding="UTF-8"?>
<!-- Generated by org.testng.reporters.JUnitReportReporter -->
<testsuite hostname="PREETISH" name="collection.ObjectRepository2" tests="1" failures="0" timestamp="18 Aug 2017 19:28:30 GMT" time="209.474" errors="0">
  <testcase name="facebooklogin" time="209.474" classname="collection.ObjectRepository2"/>
</testsuite> <!-- collection.ObjectRepository2 -->
