<?xml version="1.0" encoding="UTF-8"?>
<!-- Generated by org.testng.reporters.JUnitReportReporter -->
<testsuite hostname="PREETISH" name="testNGtest.MultiPleBrowserTest" tests="3" failures="0" timestamp="13 Mar 2018 13:47:28 GMT" time="126.270" errors="0">
  <testcase name="facebooklogin" time="42.605" classname="testNGtest.MultiPleBrowserTest"/>
  <testcase name="facebooklogin" time="35.729" classname="testNGtest.MultiPleBrowserTest"/>
  <testcase name="facebooklogin" time="47.936" classname="testNGtest.MultiPleBrowserTest"/>
</testsuite> <!-- testNGtest.MultiPleBrowserTest -->
