<?xml version="1.0" encoding="UTF-8"?>
<!-- Generated by org.testng.reporters.JUnitReportReporter -->
<testsuite hostname="PREETISH" name="interfacehavingtestngannotationmethods.DriverClass" tests="1" failures="0" timestamp="21 May 2018 17:38:13 GMT" time="0.020" errors="0">
  <testcase name="DriverClassMethod" time="0.020" classname="interfacehavingtestngannotationmethods.DriverClass"/>
</testsuite> <!-- interfacehavingtestngannotationmethods.DriverClass -->
