<?xml version="1.0" encoding="UTF-8"?>
<!-- Generated by org.testng.reporters.JUnitReportReporter -->
<testsuite hostname="PREETISH" name="collection.DataprDataDr" tests="4" failures="0" timestamp="20 Jun 2017 21:29:20 GMT" time="66.514" errors="0">
  <testcase name="facebooklogin" time="20.743" classname="collection.DataprDataDr"/>
  <testcase name="facebooklogin" time="14.867" classname="collection.DataprDataDr"/>
  <testcase name="facebooklogin" time="15.629" classname="collection.DataprDataDr"/>
  <testcase name="facebooklogin" time="15.275" classname="collection.DataprDataDr"/>
</testsuite> <!-- collection.DataprDataDr -->
