<?xml version="1.0" encoding="UTF-8"?>
<!-- Generated by org.testng.reporters.JUnitReportReporter -->
<testsuite hostname="PREETISH" name="testNGtest.Gudu" tests="4" failures="0" timestamp="24 Mar 2017 12:22:38 GMT" time="0.018" errors="0">
  <testcase name="addVendor" time="0.003" classname="testNGtest.Gudu"/>
  <testcase name="addCurrency" time="0.003" classname="testNGtest.Gudu"/>
  <testcase name="addCart" time="0.007" classname="testNGtest.Gudu"/>
  <testcase name="addProduct" time="0.005" classname="testNGtest.Gudu"/>
</testsuite> <!-- testNGtest.Gudu -->
