<?xml version="1.0" encoding="UTF-8"?>
<!-- Generated by org.testng.reporters.JUnitReportReporter -->
<testsuite hostname="PREETISH" name="testNGtest.BeforeAfter2" tests="4" failures="0" timestamp="8 Jul 2017 19:40:22 GMT" time="0.005" errors="0">
  <testcase name="deleteVendor" time="0.001" classname="testNGtest.BeforeAfter2"/>
  <testcase name="deleteCurrency" time="0.002" classname="testNGtest.BeforeAfter2"/>
  <testcase name="deleteProduct" time="0.001" classname="testNGtest.BeforeAfter2"/>
  <testcase name="deleteCart" time="0.001" classname="testNGtest.BeforeAfter2"/>
</testsuite> <!-- testNGtest.BeforeAfter2 -->
