<?xml version="1.0" encoding="UTF-8"?>
<!-- Generated by org.testng.reporters.JUnitReportReporter -->
<testsuite hostname="PREETISH" name="collection.FailureScreen" tests="1" failures="0" timestamp="14 Sep 2017 12:58:41 GMT" time="39.801" errors="0">
  <testcase name="facebookscreenshot" time="39.801" classname="collection.FailureScreen"/>
</testsuite> <!-- collection.FailureScreen -->
