<?xml version="1.0" encoding="UTF-8"?>
<!-- Generated by org.testng.reporters.JUnitReportReporter -->
<testsuite hostname="PREETISH" name="datadriven.Sample" tests="3" failures="0" timestamp="4 Sep 2017 17:33:30 GMT" time="0.029" errors="0">
  <testcase name="test2" time="0.004" classname="datadriven.Sample"/>
  <testcase name="test1" time="0.023" classname="datadriven.Sample"/>
  <testcase name="test" time="0.002" classname="datadriven.Sample"/>
</testsuite> <!-- datadriven.Sample -->
