<?xml version="1.0" encoding="UTF-8"?>
<!-- Generated by org.testng.reporters.JUnitReportReporter -->
<testsuite hostname="PREETISH" name="testngoverloading.OverloadTestNGUsingDataProvider" tests="2" failures="0" timestamp="21 May 2018 17:19:24 GMT" time="0.019" errors="0">
  <testcase name="NormalMethod" time="0.015" classname="testngoverloading.OverloadTestNGUsingDataProvider"/>
  <testcase name="NormalMethod" time="0.004" classname="testngoverloading.OverloadTestNGUsingDataProvider"/>
</testsuite> <!-- testngoverloading.OverloadTestNGUsingDataProvider -->
