<?xml version="1.0" encoding="UTF-8"?>
<!-- Generated by org.testng.reporters.JUnitReportReporter -->
<testsuite hostname="PREETISH" name="collection.TakeSceen" tests="1" failures="0" timestamp="15 Jun 2017 15:11:14 GMT" time="26.783" errors="0">
  <testcase name="takescreen" time="26.783" classname="collection.TakeSceen"/>
</testsuite> <!-- collection.TakeSceen -->
