<?xml version="1.0" encoding="UTF-8"?>
<!-- Generated by org.testng.reporters.JUnitReportReporter -->
<testsuite hostname="PREETISH" name="testNGtest.TestNGCheckPriority" tests="5" failures="0" timestamp="23 Oct 2017 06:47:18 GMT" time="0.042" errors="0">
  <testcase name="login" time="0.005" classname="testNGtest.TestNGCheckPriority"/>
  <testcase name="logout" time="0.001" classname="testNGtest.TestNGCheckPriority"/>
  <testcase name="sendmails" time="0.005" classname="testNGtest.TestNGCheckPriority"/>
  <testcase name="checkinbox" time="0.011" classname="testNGtest.TestNGCheckPriority"/>
  <testcase name="composemail" time="0.020" classname="testNGtest.TestNGCheckPriority"/>
</testsuite> <!-- testNGtest.TestNGCheckPriority -->
