<?xml version="1.0" encoding="UTF-8"?>
<!-- Generated by org.testng.reporters.JUnitReportReporter -->
<testsuite hostname="PREETISH" name="annotations.TestNG1" tests="2" failures="0" timestamp="28 Aug 2017 02:51:26 GMT" time="0.011" errors="0">
  <testcase name="test2" time="0.002" classname="annotations.TestNG1"/>
  <testcase name="test1" time="0.009" classname="annotations.TestNG1"/>
</testsuite> <!-- annotations.TestNG1 -->
