<?xml version="1.0" encoding="UTF-8"?>
<!-- Generated by org.testng.reporters.JUnitReportReporter -->
<testsuite hostname="PREETISH" name="inputFile.Browser" tests="1" failures="0" timestamp="12 Sep 2017 13:51:30 GMT" time="21.458" errors="0">
  <testcase name="checkcredentials" time="21.458" classname="inputFile.Browser"/>
</testsuite> <!-- inputFile.Browser -->
