<?xml version="1.0" encoding="UTF-8"?>
<!-- Generated by org.testng.reporters.JUnitReportReporter -->
<testsuite hostname="PREETISH" name="testngxmlunderstand.Understand" tests="3" failures="0" timestamp="22 Mar 2018 19:06:52 GMT" time="0.039" errors="0">
  <testcase name="iapologize" time="0.009" classname="testngxmlunderstand.Understand"/>
  <testcase name="iUnderstand" time="0.028" classname="testngxmlunderstand.Understand"/>
  <testcase name="imisUnderstand" time="0.002" classname="testngxmlunderstand.Understand"/>
</testsuite> <!-- testngxmlunderstand.Understand -->
