<?xml version="1.0" encoding="UTF-8"?>
<!-- Generated by org.testng.reporters.JUnitReportReporter -->
<testsuite hostname="PREETISH" name="testNgclasses.Testcase1" tests="1" failures="0" timestamp="14 Sep 2017 15:00:57 GMT" time="0.018" errors="0">
  <testcase name="testFacebook" time="0.018" classname="testNgclasses.Testcase1"/>
</testsuite> <!-- testNgclasses.Testcase1 -->
