<?xml version="1.0" encoding="UTF-8"?>
<!-- Generated by org.testng.reporters.JUnitReportReporter -->
<testsuite hostname="GUDU-PC" name="extentreport.ExtentReportWithLog" tests="1" failures="0" timestamp="10 Nov 2018 10:57:00 GMT" time="0.031" errors="0">
  <testcase name="logGeneration" time="0.031" classname="extentreport.ExtentReportWithLog"/>
</testsuite> <!-- extentreport.ExtentReportWithLog -->
