<?xml version="1.0" encoding="UTF-8"?>
<!-- Generated by org.testng.reporters.JUnitReportReporter -->
<testsuite hostname="PREETISH" name="collection.FindBrokenImages" tests="1" failures="0" timestamp="9 Aug 2017 07:28:10 GMT" time="5.600" errors="0">
  <testcase name="validateInvalidImages" time="5.600" classname="collection.FindBrokenImages"/>
</testsuite> <!-- collection.FindBrokenImages -->
