<?xml version="1.0" encoding="UTF-8"?>
<!-- Generated by org.testng.reporters.JUnitReportReporter -->
<testsuite hostname="PREETISH" name="inheritancetestng.SuperTestNGClass" tests="1" failures="0" timestamp="21 May 2018 17:06:20 GMT" time="0.025" errors="0">
  <testcase name="superTestNgMethod" time="0.025" classname="inheritancetestng.SuperTestNGClass"/>
</testsuite> <!-- inheritancetestng.SuperTestNGClass -->
