<?xml version="1.0" encoding="UTF-8"?>
<!-- Generated by org.testng.reporters.JUnitReportReporter -->
<testsuite hostname="PREETISH" name="collection.DataDrivenTesting" tests="3" failures="0" timestamp="10 Aug 2017 18:42:59 GMT" time="63.404" errors="0">
  <testcase name="login" time="15.474" classname="collection.DataDrivenTesting"/>
  <testcase name="login" time="31.190" classname="collection.DataDrivenTesting"/>
  <testcase name="login" time="16.740" classname="collection.DataDrivenTesting"/>
</testsuite> <!-- collection.DataDrivenTesting -->
