<?xml version="1.0" encoding="UTF-8"?>
<!-- Generated by org.testng.reporters.JUnitReportReporter -->
<testsuite hostname="PREETISH" name="excelib.DataDriven1" tests="4" failures="0" timestamp="19 Jul 2017 05:20:42 GMT" time="116.578" errors="0">
  <testcase name="facebooklogin" time="39.261" classname="excelib.DataDriven1"/>
  <testcase name="facebooklogin" time="28.147" classname="excelib.DataDriven1"/>
  <testcase name="facebooklogin" time="27.923" classname="excelib.DataDriven1"/>
  <testcase name="facebooklogin" time="21.247" classname="excelib.DataDriven1"/>
</testsuite> <!-- excelib.DataDriven1 -->
