<?xml version="1.0" encoding="UTF-8"?>
<!-- Generated by org.testng.reporters.JUnitReportReporter -->
<testsuite hostname="PREETISH" name="testNGtest.FreeAllBrowserCheck" tests="3" failures="0" timestamp="23 Apr 2018 14:41:15 GMT" time="81.278" errors="0">
  <testcase name="OpenBrowser" time="23.115" classname="testNGtest.FreeAllBrowserCheck"/>
  <testcase name="OpenBrowser" time="13.046" classname="testNGtest.FreeAllBrowserCheck"/>
  <testcase name="OpenBrowser" time="45.117" classname="testNGtest.FreeAllBrowserCheck"/>
</testsuite> <!-- testNGtest.FreeAllBrowserCheck -->
