<?xml version="1.0" encoding="UTF-8"?>
<!-- Generated by org.testng.reporters.JUnitReportReporter -->
<testsuite hostname="PREETISH" name="capturescreenshotforfailedtest.GetScreenshot" tests="1" failures="0" timestamp="28 Mar 2018 07:49:42 GMT" time="0.033" errors="0">
  <testcase name="webdriver" time="0.033" classname="capturescreenshotforfailedtest.GetScreenshot"/>
</testsuite> <!-- capturescreenshotforfailedtest.GetScreenshot -->
