<?xml version="1.0" encoding="UTF-8"?>
<!-- Generated by org.testng.reporters.JUnitReportReporter -->
<testsuite hostname="PREETISH" name="javaTestNG.NewTest2" tests="4" failures="0" timestamp="24 Mar 2017 11:57:34 GMT" time="0.054" errors="0">
  <testcase name="addCart" time="0.002" classname="javaTestNG.NewTest2"/>
  <testcase name="orderdetails" time="0.007" classname="javaTestNG.NewTest2"/>
  <testcase name="addProduct" time="0.009" classname="javaTestNG.NewTest2"/>
  <testcase name="buynow" time="0.036" classname="javaTestNG.NewTest2"/>
</testsuite> <!-- javaTestNG.NewTest2 -->
