<?xml version="1.0" encoding="UTF-8"?>
<!-- Generated by org.testng.reporters.JUnitReportReporter -->
<testsuite hostname="PREETISH" name="collection.Practisetest" tests="3" failures="0" timestamp="20 Jun 2017 15:03:17 GMT" time="55.042" errors="0">
  <testcase name="facebooklogin" time="15.389" classname="collection.Practisetest"/>
  <testcase name="facebooklogin" time="14.610" classname="collection.Practisetest"/>
  <testcase name="facebooklogin" time="25.043" classname="collection.Practisetest"/>
</testsuite> <!-- collection.Practisetest -->
