<?xml version="1.0" encoding="UTF-8"?>
<!-- Generated by org.testng.reporters.JUnitReportReporter -->
<testsuite hostname="PREETISH" name="testngxmlunderstand.Understand2" tests="1" failures="0" timestamp="22 Mar 2018 17:53:33 GMT" time="0.003" errors="0">
  <testcase name="iUnderstand2" time="0.003" classname="testngxmlunderstand.Understand2"/>
</testsuite> <!-- testngxmlunderstand.Understand2 -->
