<?xml version="1.0" encoding="UTF-8"?>
<!-- Generated by org.testng.reporters.JUnitReportReporter -->
<testsuite hostname="PREETISH" name="collection.SeleniumGridTest" tests="1" failures="0" timestamp="13 Aug 2017 10:47:01 GMT" time="156.462" errors="0">
  <testcase name="runFirefox" time="156.462" classname="collection.SeleniumGridTest"/>
</testsuite> <!-- collection.SeleniumGridTest -->
