<?xml version="1.0" encoding="UTF-8"?>
<!-- Generated by org.testng.reporters.JUnitReportReporter -->
<testsuite hostname="PREETISH" name="pageobjectwithpagefactoryedu.LoginClassPageFactory" tests="1" failures="0" timestamp="29 Mar 2018 18:22:37 GMT" time="8.766" errors="0">
  <testcase name="verifyLogin" time="8.766" classname="pageobjectwithpagefactoryedu.LoginClassPageFactory"/>
</testsuite> <!-- pageobjectwithpagefactoryedu.LoginClassPageFactory -->
