<?xml version="1.0" encoding="UTF-8"?>
<!-- Generated by org.testng.reporters.JUnitReportReporter -->
<testsuite hostname="PREETISH" name="collection.DependOnTest" tests="4" failures="0" timestamp="26 May 2018 16:51:08 GMT" time="0.033" errors="0">
  <testcase name="Fourth" time="0.000" classname="collection.DependOnTest"/>
  <testcase name="Second" time="0.016" classname="collection.DependOnTest"/>
  <testcase name="Third" time="0.000" classname="collection.DependOnTest"/>
  <testcase name="First" time="0.017" classname="collection.DependOnTest"/>
</testsuite> <!-- collection.DependOnTest -->
