<?xml version="1.0" encoding="UTF-8"?>
<!-- Generated by org.testng.reporters.JUnitReportReporter -->
<testsuite hostname="PREETISH" name="excelib.ScreenShotExample" tests="1" failures="0" timestamp="26 Aug 2017 12:47:48 GMT" time="51.252" errors="0">
  <testcase name="implementation" time="51.252" classname="excelib.ScreenShotExample"/>
</testsuite> <!-- excelib.ScreenShotExample -->
