<?xml version="1.0" encoding="UTF-8"?>
<!-- Generated by org.testng.reporters.JUnitReportReporter -->
<testsuite hostname="PREETISH" name="collection.DataProviderPractise" tests="3" failures="0" timestamp="2 May 2018 14:33:44 GMT" time="76.424" errors="0">
  <testcase name="testdata" time="49.265" classname="collection.DataProviderPractise"/>
  <testcase name="testdata" time="12.948" classname="collection.DataProviderPractise"/>
  <testcase name="testdata" time="14.211" classname="collection.DataProviderPractise"/>
</testsuite> <!-- collection.DataProviderPractise -->
