<?xml version="1.0" encoding="UTF-8"?>
<!-- Generated by org.testng.reporters.JUnitReportReporter -->
<testsuite hostname="PREETISH" name="javaTestNG.NewTest1" tests="4" failures="0" timestamp="24 Mar 2017 10:36:26 GMT" time="0.022" errors="0">
  <testcase name="addProduct" time="0.005" classname="javaTestNG.NewTest1"/>
  <testcase name="addCart" time="0.007" classname="javaTestNG.NewTest1"/>
  <testcase name="addCurrency" time="0.004" classname="javaTestNG.NewTest1"/>
  <testcase name="addVendor" time="0.006" classname="javaTestNG.NewTest1"/>
</testsuite> <!-- javaTestNG.NewTest1 -->
