<?xml version="1.0" encoding="UTF-8"?>
<!-- Generated by org.testng.reporters.JUnitReportReporter -->
<testsuite hostname="PREETISH" name="collection.SendkeyTextFilesend" tests="1" failures="0" timestamp="1 Aug 2017 21:35:49 GMT" time="28.378" errors="0">
  <testcase name="testUpload" time="28.378" classname="collection.SendkeyTextFilesend"/>
</testsuite> <!-- collection.SendkeyTextFilesend -->
